#
# A fatal error has been detected by the Java Runtime Environment:
#
#  EXCEPTION_ACCESS_VIOLATION (0xc0000005) at pc=0x00007ff9765a8f80, pid=20096, tid=19764
#
# JRE version: OpenJDK Runtime Environment Temurin-21.0.7+6 (21.0.7+6) (build 21.0.7+6-LTS)
# Java VM: OpenJDK 64-Bit Server VM Temurin-21.0.7+6 (21.0.7+6-LTS, mixed mode, sharing, tiered, compressed oops, compressed class ptrs, parallel gc, windows-amd64)
# Problematic frame:
# V  [jvm.dll+0x1f8f80]
#
# No core dump will be written. Minidumps are not enabled by default on client versions of Windows
#
# If you would like to submit a bug report, please visit:
#   https://github.com/adoptium/adoptium-support/issues
#

---------------  S U M M A R Y ------------

Command Line: --add-modules=ALL-SYSTEM --add-opens=java.base/java.util=ALL-UNNAMED --add-opens=java.base/java.lang=ALL-UNNAMED --add-opens=java.base/sun.nio.fs=ALL-UNNAMED -Declipse.application=org.eclipse.jdt.ls.core.id1 -Dosgi.bundles.defaultStartLevel=4 -Declipse.product=org.eclipse.jdt.ls.core.product -Djava.import.generatesMetadataFilesAtProjectRoot=false -DDetectVMInstallationsJob.disabled=true -Dfile.encoding=utf8 -XX:+UseParallelGC -XX:GCTimeRatio=4 -XX:AdaptiveSizePolicyWeight=90 -Dsun.zip.disableMemoryMapping=true -Xmx1G -Xms100m -Xlog:disable -javaagent:c:\Users\XIAOMI\.cursor\extensions\redhat.java-1.42.0-win32-x64\lombok\lombok-1.18.36.jar -XX:+HeapDumpOnOutOfMemoryError -XX:HeapDumpPath=c:\Users\XIAOMI\AppData\Roaming\Cursor\User\workspaceStorage\e49e95411cf67bca0233a59293617970\redhat.java -Daether.dependencyCollector.impl=bf c:\Users\XIAOMI\.cursor\extensions\redhat.java-1.42.0-win32-x64\server\plugins\org.eclipse.equinox.launcher_1.7.0.v20250424-1814.jar -configuration c:\Users\XIAOMI\AppData\Roaming\Cursor\User\globalStorage\redhat.java\1.42.0\config_win -data c:\Users\XIAOMI\AppData\Roaming\Cursor\User\workspaceStorage\e49e95411cf67bca0233a59293617970\redhat.java\jdt_ws --pipe=\\.\pipe\lsp-7081917601a10b4953a4bf82c203c4aa-sock

Host: 11th Gen Intel(R) Core(TM) i7-11370H @ 3.30GHz, 8 cores, 31G,  Windows 10 , 64 bit Build 19041 (10.0.19041.662)
Time: Wed Jun 11 17:09:06 2025  Windows 10 , 64 bit Build 19041 (10.0.19041.662) elapsed time: 8.845715 seconds (0d 0h 0m 8s)

---------------  T H R E A D  ---------------

Current thread (0x000002b4f8c6f3c0):  JavaThread "C1 CompilerThread0" daemon [_thread_in_vm, id=19764, stack(0x000000e9d5100000,0x000000e9d5200000) (1024K)]


Current CompileTask:
C1:8845 10458   !   3       java.io.ObjectOutputStream::defaultWriteFields (288 bytes)

Stack: [0x000000e9d5100000,0x000000e9d5200000],  sp=0x000000e9d51fe020,  free space=1016k
Native frames: (J=compiled Java code, j=interpreted, Vv=VM code, C=native code)
V  [jvm.dll+0x1f8f80]
V  [jvm.dll+0x1f7e30]
V  [jvm.dll+0x1f2778]
V  [jvm.dll+0x165661]
V  [jvm.dll+0x1654a6]
V  [jvm.dll+0x15d088]
V  [jvm.dll+0x15f309]
V  [jvm.dll+0x15d925]
V  [jvm.dll+0x157857]
V  [jvm.dll+0x1670a6]
V  [jvm.dll+0x152cb0]
V  [jvm.dll+0x153033]
V  [jvm.dll+0x153304]
V  [jvm.dll+0x152736]
V  [jvm.dll+0x15450d]
V  [jvm.dll+0x25695a]
V  [jvm.dll+0x254efa]
V  [jvm.dll+0x3f03f6]
V  [jvm.dll+0x851f6b]
V  [jvm.dll+0x6cc7dd]
C  [ucrtbase.dll+0x214c2]
C  [KERNEL32.DLL+0x17034]
C  [ntdll.dll+0x4d0d1]


siginfo: EXCEPTION_ACCESS_VIOLATION (0xc0000005), reading address 0xffffffffffffffff


Registers:
RAX=0x000002b4fbfd08e0, RBX=0x000002b4c3bfce50, RCX=0x000002b4c3bfce60, RDX=0x000002b4c3bfce60
RSP=0x000000e9d51fe020, RBP=0x0000000000000004, RSI=0x0000000000000000, RDI=0x0000000000000001
R8 =0x00007ff976db12d0, R9 =0x000002b4f8c3dc20, R10=0x000000e9d51ff0d8, R11=0x000002b4fbf8ce18
R12=0x000002b4c3bfce60, R13=0x000002b4f8b94d80, R14=0x0000000000000020, R15=0xde40193da88205b6
RIP=0x00007ff9765a8f80, EFLAGS=0x0000000000010282

XMM[0]=0x3b3b3b3b3b3b3b3b 0x3b3b3b3b3b3b3b3b
XMM[1]=0x0000000000000000 0x0000000000000001
XMM[2]=0x000002b4c3bfb480 0x0000000200000000
XMM[3]=0x0000000000000000 0x0000000000000000
XMM[4]=0x0000000000000000 0x0000000000000000
XMM[5]=0x0000000000000000 0x0000000000000000
XMM[6]=0x0000000000000000 0x0000000000000000
XMM[7]=0x0000000000000000 0x0000000000000000
XMM[8]=0x0000000000000000 0x0000000000000000
XMM[9]=0x0000000000000000 0x0000000000000000
XMM[10]=0x0000000000000000 0x0000000000000000
XMM[11]=0x0000000000000000 0x0000000000000000
XMM[12]=0x0000000000000000 0x0000000000000000
XMM[13]=0x0000000000000000 0x0000000000000000
XMM[14]=0x0000000000000000 0x0000000000000000
XMM[15]=0x0000000000000000 0x0000000000000000
  MXCSR=0x00001fa0


Register to memory mapping:

RAX=0x000002b4fbfd08e0 is pointing into metadata
RBX=0x000002b4c3bfce50 points into unknown readable memory: 0x00007ff976db12d0 | d0 12 db 76 f9 7f 00 00
RCX=0x000002b4c3bfce60 points into unknown readable memory: 0x00007ff976db0a00 | 00 0a db 76 f9 7f 00 00
RDX=0x000002b4c3bfce60 points into unknown readable memory: 0x00007ff976db0a00 | 00 0a db 76 f9 7f 00 00
RSP=0x000000e9d51fe020 is pointing into the stack for thread: 0x000002b4f8c6f3c0
RBP=0x0000000000000004 is an unknown value
RSI=0x0 is null
RDI=0x0000000000000001 is an unknown value
R8 =0x00007ff976db12d0 jvm.dll
R9 =0x000002b4f8c3dc20 points into unknown readable memory: 0x0069006e006f0007 | 07 00 6f 00 6e 00 69 00
R10=0x000000e9d51ff0d8 is pointing into the stack for thread: 0x000002b4f8c6f3c0
R11={method} {0x000002b4fbf8ce20} 'forClass' '()Ljava/lang/Class;' in 'java/io/ObjectStreamClass'
R12=0x000002b4c3bfce60 points into unknown readable memory: 0x00007ff976db0a00 | 00 0a db 76 f9 7f 00 00
R13=0x000002b4f8b94d80 points into unknown readable memory: 0x000002b4f8c85a50 | 50 5a c8 f8 b4 02 00 00
R14=0x0000000000000020 is an unknown value
R15=0xde40193da88205b6 is an unknown value

Top of Stack: (sp=0x000000e9d51fe020)
0x000000e9d51fe020:   000002b4c3a77b80 000002b4c2a65a20
0x000000e9d51fe030:   000002b4c3bfce50 00007ff976a33fe6
0x000000e9d51fe040:   0000000000000000 000002b4f8c85ac0
0x000000e9d51fe050:   000002b4c3bfce50 000002b4c4505930
0x000000e9d51fe060:   0000000000000088 00007ff9765a7e30
0x000000e9d51fe070:   000002b4fbfd0740 000002b4f8c3dc20
0x000000e9d51fe080:   000002b4c3bfce60 000002b4fbf8ce18
0x000000e9d51fe090:   0000000000000000 000002b4fbf8ce18
0x000000e9d51fe0a0:   000002b4c3c02908 000002b4c45057d8
0x000000e9d51fe0b0:   0000000000000000 0000000000000000
0x000000e9d51fe0c0:   000002b4c45057d8 0000000000000000
0x000000e9d51fe0d0:   000002b4c2a65c48 000002b4c45057d8
0x000000e9d51fe0e0:   000002b4f8c6f3c0 000002b4f8c85ac0
0x000000e9d51fe0f0:   0000000000000000 00007ff9765a2778
0x000000e9d51fe100:   000002b4f8c85a70 000002b4c3bfa920
0x000000e9d51fe110:   0000000000010388 000002b4c3bfcdb0
0x000000e9d51fe120:   000000e9d51fe590 00007ff97650d7c3
0x000000e9d51fe130:   000002b4fbf8ce18 000002b4f8c6f3c0
0x000000e9d51fe140:   000002b4c45057d8 000002b4c45057d8
0x000000e9d51fe150:   000000e9d51fe590 00007ff976515661
0x000000e9d51fe160:   00000000000000b7 000002b4fbf8ce18
0x000000e9d51fe170:   00000000000000b7 0000000000000000
0x000000e9d51fe180:   000000e9d51fe1e0 00007ff976617ba7
0x000000e9d51fe190:   000002b4e280c900 000002b4c45057d8
0x000000e9d51fe1a0:   000002b4c45057d8 00007ff976510f5a
0x000000e9d51fe1b0:   000002b4f8c6f3c0 00007ff976612133
0x000000e9d51fe1c0:   0000000000000020 000002b4f8c6f3c0
0x000000e9d51fe1d0:   00000000000000bc 000002b4c45057d8
0x000000e9d51fe1e0:   000002b4c45057d8 000000e9d51fe590
0x000000e9d51fe1f0:   0000000000000000 00007ff9765154a6
0x000000e9d51fe200:   000002b4fbf8ce18 000002b4c45057d8
0x000000e9d51fe210:   0000000000000000 000000e9d51fe500 

Instructions: (pc=0x00007ff9765a8f80)
0x00007ff9765a8e80:   8b f9 48 83 e7 fc 74 5a 65 48 8b 04 25 58 00 00
0x00007ff9765a8e90:   00 8b 0d d1 52 ae 00 48 89 74 24 30 48 8b 34 c8
0x00007ff9765a8ea0:   b8 70 00 00 00 80 3c 30 00 75 05 e8 d0 e1 74 00
0x00007ff9765a8eb0:   b8 20 00 00 00 48 8b d7 48 8b 04 30 48 8b 88 60
0x00007ff9765a8ec0:   06 00 00 48 8b 49 38 e8 b4 24 00 00 48 8b 74 24
0x00007ff9765a8ed0:   30 83 e3 03 48 0b c3 48 8b 5c 24 38 48 83 c4 20
0x00007ff9765a8ee0:   5f c3 83 e3 03 8b c3 48 8b 5c 24 38 48 83 c4 20
0x00007ff9765a8ef0:   5f c3 cc cc cc cc cc cc cc cc cc cc cc cc cc cc
0x00007ff9765a8f00:   40 53 56 57 41 54 48 83 ec 28 33 f6 4c 8b e2 39
0x00007ff9765a8f10:   35 03 19 a3 00 48 8b d9 8b fe 0f 86 13 01 00 00
0x00007ff9765a8f20:   8b 0d 42 52 ae 00 65 48 8b 04 25 58 00 00 00 48
0x00007ff9765a8f30:   89 6c 24 50 8d 6e 02 4c 89 6c 24 58 4c 89 74 24
0x00007ff9765a8f40:   60 4c 8d 2c c8 4c 89 7c 24 20 66 0f 1f 44 00 00
0x00007ff9765a8f50:   49 8b 04 24 49 8b cc ff 50 20 84 c0 48 8b ce 48
0x00007ff9765a8f60:   63 c5 49 0f 45 cc 4c 8d 34 c5 00 00 00 00 48 8b
0x00007ff9765a8f70:   41 08 4e 8b 7c 30 08 4d 85 ff 0f 84 85 00 00 00
0x00007ff9765a8f80:   49 8b 8f 98 00 00 00 e8 e4 86 02 00 84 c0 74 3d
0x00007ff9765a8f90:   49 8b 75 00 b8 70 00 00 00 80 3c 30 00 75 05 e8
0x00007ff9765a8fa0:   dc e0 74 00 b8 20 00 00 00 49 8b d7 48 8b 0c 30
0x00007ff9765a8fb0:   48 8b 89 60 06 00 00 48 8b 49 38 e8 c0 23 00 00
0x00007ff9765a8fc0:   48 8b 4b 08 33 f6 4a 89 44 31 08 eb 41 48 8b 43
0x00007ff9765a8fd0:   08 48 89 70 08 48 63 c7 48 8d 0c 00 48 8b 43 08
0x00007ff9765a8fe0:   48 89 74 c8 18 48 8b 43 08 48 89 74 c8 20 48 8b
0x00007ff9765a8ff0:   cb 48 8b 03 ff 50 28 84 c0 75 13 48 8b 43 08 48
0x00007ff9765a9000:   89 70 10 eb 09 48 8b 43 08 4a 89 74 30 08 ff c7
0x00007ff9765a9010:   83 c5 02 3b 3d ff 17 a3 00 0f 82 31 ff ff ff 4c
0x00007ff9765a9020:   8b 7c 24 20 4c 8b 74 24 60 4c 8b 6c 24 58 48 8b
0x00007ff9765a9030:   6c 24 50 48 83 c4 28 41 5c 5f 5e 5b c3 cc cc cc
0x00007ff9765a9040:   48 89 5c 24 08 57 48 83 ec 20 4c 63 42 08 48 8b
0x00007ff9765a9050:   f9 48 8b 02 48 8b 50 08 4a 8b 5c c2 08 48 8b cb
0x00007ff9765a9060:   48 83 e1 fc 74 2e 48 8b 89 98 00 00 00 e8 fe 85
0x00007ff9765a9070:   02 00 84 c0 75 1e 48 8b 07 83 e3 03 48 63 57 08 


Stack slot to memory mapping:

stack at sp + 0 slots: 0x000002b4c3a77b80 points into unknown readable memory: 0x000000e9d51ff0d8 | d8 f0 1f d5 e9 00 00 00
stack at sp + 1 slots: 0x000002b4c2a65a20 points into unknown readable memory: 0x00007ff976daff70 | 70 ff da 76 f9 7f 00 00
stack at sp + 2 slots: 0x000002b4c3bfce50 points into unknown readable memory: 0x00007ff976db12d0 | d0 12 db 76 f9 7f 00 00
stack at sp + 3 slots: 0x00007ff976a33fe6 jvm.dll
stack at sp + 4 slots: 0x0 is null
stack at sp + 5 slots: 0x000002b4f8c85ac0 points into unknown readable memory: 0x8000001200000001 | 01 00 00 00 12 00 00 80
stack at sp + 6 slots: 0x000002b4c3bfce50 points into unknown readable memory: 0x00007ff976db12d0 | d0 12 db 76 f9 7f 00 00
stack at sp + 7 slots: 0x000002b4c4505930 points into unknown readable memory: 0x00007ff976db17d0 | d0 17 db 76 f9 7f 00 00


---------------  P R O C E S S  ---------------

Threads class SMR info:
_java_thread_list=0x000002b4c1a3a580, length=47, elements={
0x000002b4e298a3f0, 0x000002b4f8c5abe0, 0x000002b4f8c5c440, 0x000002b4f8c5e530,
0x000002b4f8c5f440, 0x000002b4f8c685e0, 0x000002b4f8c6d540, 0x000002b4f8c6e6d0,
0x000002b4f8c6f3c0, 0x000002b4fa6c7c80, 0x000002b4fa781300, 0x000002b4fa94aa90,
0x000002b4ff51ae50, 0x000002b4ff511c90, 0x000002b4c14ff5f0, 0x000002b4c14ffc50,
0x000002b4c129c790, 0x000002b4c1ae9e30, 0x000002b4c1268a80, 0x000002b4c1267040,
0x000002b4c12683f0, 0x000002b4c1267d60, 0x000002b4c1269110, 0x000002b4c12697a0,
0x000002b4c1269e30, 0x000002b4c30adbb0, 0x000002b4c30b0310, 0x000002b4c30af5f0,
0x000002b4c30aadc0, 0x000002b4c30ac800, 0x000002b4c30b1030, 0x000002b4c30ae8d0,
0x000002b4c30ab450, 0x000002b4c30abae0, 0x000002b4c30ace90, 0x000002b4c30ac170,
0x000002b4c30b09a0, 0x000002b4c30ae240, 0x000002b4c30afc80, 0x000002b4c30aa730,
0x000002b4c30ad520, 0x000002b4c30aa0a0, 0x000002b4c30aef60, 0x000002b4c30b16c0,
0x000002b4c45d9900, 0x000002b4c45da620, 0x000002b4c45dc060
}

Java Threads: ( => current thread )
  0x000002b4e298a3f0 JavaThread "main"                              [_thread_blocked, id=1812, stack(0x000000e9d4600000,0x000000e9d4700000) (1024K)]
  0x000002b4f8c5abe0 JavaThread "Reference Handler"          daemon [_thread_blocked, id=11600, stack(0x000000e9d4a00000,0x000000e9d4b00000) (1024K)]
  0x000002b4f8c5c440 JavaThread "Finalizer"                  daemon [_thread_blocked, id=14320, stack(0x000000e9d4b00000,0x000000e9d4c00000) (1024K)]
  0x000002b4f8c5e530 JavaThread "Signal Dispatcher"          daemon [_thread_blocked, id=14228, stack(0x000000e9d4c00000,0x000000e9d4d00000) (1024K)]
  0x000002b4f8c5f440 JavaThread "Attach Listener"            daemon [_thread_blocked, id=20080, stack(0x000000e9d4d00000,0x000000e9d4e00000) (1024K)]
  0x000002b4f8c685e0 JavaThread "Service Thread"             daemon [_thread_blocked, id=11584, stack(0x000000e9d4e00000,0x000000e9d4f00000) (1024K)]
  0x000002b4f8c6d540 JavaThread "Monitor Deflation Thread"   daemon [_thread_blocked, id=7396, stack(0x000000e9d4f00000,0x000000e9d5000000) (1024K)]
  0x000002b4f8c6e6d0 JavaThread "C2 CompilerThread0"         daemon [_thread_in_native, id=18900, stack(0x000000e9d5000000,0x000000e9d5100000) (1024K)]
=>0x000002b4f8c6f3c0 JavaThread "C1 CompilerThread0"         daemon [_thread_in_vm, id=19764, stack(0x000000e9d5100000,0x000000e9d5200000) (1024K)]
  0x000002b4fa6c7c80 JavaThread "Common-Cleaner"             daemon [_thread_blocked, id=4048, stack(0x000000e9d5200000,0x000000e9d5300000) (1024K)]
  0x000002b4fa781300 JavaThread "C2 CompilerThread1"         daemon [_thread_blocked, id=15848, stack(0x000000e9d5300000,0x000000e9d5400000) (1024K)]
  0x000002b4fa94aa90 JavaThread "Notification Thread"        daemon [_thread_blocked, id=15972, stack(0x000000e9d5400000,0x000000e9d5500000) (1024K)]
  0x000002b4ff51ae50 JavaThread "Active Thread: Equinox Container: 6b1b3a80-bec1-4310-8857-7821833fa64a"        [_thread_blocked, id=20336, stack(0x000000e9d5c00000,0x000000e9d5d00000) (1024K)]
  0x000002b4ff511c90 JavaThread "Refresh Thread: Equinox Container: 6b1b3a80-bec1-4310-8857-7821833fa64a" daemon [_thread_blocked, id=1600, stack(0x000000e9d5d00000,0x000000e9d5e00000) (1024K)]
  0x000002b4c14ff5f0 JavaThread "Framework Event Dispatcher: Equinox Container: 6b1b3a80-bec1-4310-8857-7821833fa64a" daemon [_thread_blocked, id=20352, stack(0x000000e9d5f00000,0x000000e9d6000000) (1024K)]
  0x000002b4c14ffc50 JavaThread "Start Level: Equinox Container: 6b1b3a80-bec1-4310-8857-7821833fa64a" daemon [_thread_blocked, id=9992, stack(0x000000e9d6000000,0x000000e9d6100000) (1024K)]
  0x000002b4c129c790 JavaThread "Bundle File Closer"         daemon [_thread_blocked, id=1892, stack(0x000000e9d6100000,0x000000e9d6200000) (1024K)]
  0x000002b4c1ae9e30 JavaThread "SCR Component Actor"        daemon [_thread_blocked, id=15640, stack(0x000000e9d6200000,0x000000e9d6300000) (1024K)]
  0x000002b4c1268a80 JavaThread "SCR Component Registry"     daemon [_thread_blocked, id=6948, stack(0x000000e9d6300000,0x000000e9d6400000) (1024K)]
  0x000002b4c1267040 JavaThread "Worker-JM"                         [_thread_blocked, id=19768, stack(0x000000e9d6400000,0x000000e9d6500000) (1024K)]
  0x000002b4c12683f0 JavaThread "JNA Cleaner"                daemon [_thread_blocked, id=19316, stack(0x000000e9d6500000,0x000000e9d6600000) (1024K)]
  0x000002b4c1267d60 JavaThread "Worker-0"                          [_thread_blocked, id=16296, stack(0x000000e9d6600000,0x000000e9d6700000) (1024K)]
  0x000002b4c1269110 JavaThread "Worker-1"                          [_thread_blocked, id=4764, stack(0x000000e9d6700000,0x000000e9d6800000) (1024K)]
  0x000002b4c12697a0 JavaThread "Java indexing"              daemon [_thread_blocked, id=15404, stack(0x000000e9d6800000,0x000000e9d6900000) (1024K)]
  0x000002b4c1269e30 JavaThread "Worker-2: Shutdown..."             [_thread_blocked, id=20240, stack(0x000000e9d6900000,0x000000e9d6a00000) (1024K)]
  0x000002b4c30adbb0 JavaThread "Worker-3"                          [_thread_blocked, id=18236, stack(0x000000e9d6a00000,0x000000e9d6b00000) (1024K)]
  0x000002b4c30b0310 JavaThread "Thread-2"                   daemon [_thread_in_native, id=2024, stack(0x000000e9d6b00000,0x000000e9d6c00000) (1024K)]
  0x000002b4c30af5f0 JavaThread "Thread-3"                   daemon [_thread_in_native, id=8872, stack(0x000000e9d6c00000,0x000000e9d6d00000) (1024K)]
  0x000002b4c30aadc0 JavaThread "Thread-4"                   daemon [_thread_in_native, id=15788, stack(0x000000e9d6d00000,0x000000e9d6e00000) (1024K)]
  0x000002b4c30ac800 JavaThread "Thread-5"                   daemon [_thread_in_native, id=17432, stack(0x000000e9d6e00000,0x000000e9d6f00000) (1024K)]
  0x000002b4c30b1030 JavaThread "Thread-6"                   daemon [_thread_in_native, id=17104, stack(0x000000e9d6f00000,0x000000e9d7000000) (1024K)]
  0x000002b4c30ae8d0 JavaThread "Thread-7"                   daemon [_thread_in_native, id=18368, stack(0x000000e9d7000000,0x000000e9d7100000) (1024K)]
  0x000002b4c30ab450 JavaThread "Thread-8"                   daemon [_thread_in_native, id=11180, stack(0x000000e9d7100000,0x000000e9d7200000) (1024K)]
  0x000002b4c30abae0 JavaThread "Thread-9"                   daemon [_thread_in_native, id=15620, stack(0x000000e9d7200000,0x000000e9d7300000) (1024K)]
  0x000002b4c30ace90 JavaThread "Thread-10"                  daemon [_thread_in_native, id=19868, stack(0x000000e9d7300000,0x000000e9d7400000) (1024K)]
  0x000002b4c30ac170 JavaThread "pool-2-thread-1"                   [_thread_blocked, id=10588, stack(0x000000e9d7400000,0x000000e9d7500000) (1024K)]
  0x000002b4c30b09a0 JavaThread "WorkspaceEventsHandler"            [_thread_blocked, id=17464, stack(0x000000e9d7500000,0x000000e9d7600000) (1024K)]
  0x000002b4c30ae240 JavaThread "pool-1-thread-1"                   [_thread_blocked, id=20408, stack(0x000000e9d7600000,0x000000e9d7700000) (1024K)]
  0x000002b4c30afc80 JavaThread "ForkJoinPool.commonPool-worker-1" daemon [_thread_blocked, id=20084, stack(0x000000e9d7700000,0x000000e9d7800000) (1024K)]
  0x000002b4c30aa730 JavaThread "ForkJoinPool.commonPool-worker-2" daemon [_thread_blocked, id=20280, stack(0x000000e9d7800000,0x000000e9d7900000) (1024K)]
  0x000002b4c30ad520 JavaThread "ForkJoinPool.commonPool-worker-3" daemon [_thread_blocked, id=2148, stack(0x000000e9d7900000,0x000000e9d7a00000) (1024K)]
  0x000002b4c30aa0a0 JavaThread "ForkJoinPool.commonPool-worker-4" daemon [_thread_blocked, id=15364, stack(0x000000e9d7a00000,0x000000e9d7b00000) (1024K)]
  0x000002b4c30aef60 JavaThread "ForkJoinPool.commonPool-worker-5" daemon [_thread_blocked, id=12332, stack(0x000000e9d7b00000,0x000000e9d7c00000) (1024K)]
  0x000002b4c30b16c0 JavaThread "ForkJoinPool.commonPool-worker-6" daemon [_thread_blocked, id=18144, stack(0x000000e9d7c00000,0x000000e9d7d00000) (1024K)]
  0x000002b4c45d9900 JavaThread "ForkJoinPool.commonPool-worker-7" daemon [_thread_blocked, id=3064, stack(0x000000e9d7d00000,0x000000e9d7e00000) (1024K)]
  0x000002b4c45da620 JavaThread "pool-4-thread-1"                   [_thread_blocked, id=17124, stack(0x000000e9d5500000,0x000000e9d5600000) (1024K)]
  0x000002b4c45dc060 JavaThread "ForkJoinPool-3-worker-1"    daemon [_thread_in_native, id=13976, stack(0x000000e9d7e00000,0x000000e9d7f00000) (1024K)]
Total: 47

Other Threads:
  0x000002b4f8c3e020 VMThread "VM Thread"                           [id=13940, stack(0x000000e9d4900000,0x000000e9d4a00000) (1024K)]
  0x000002b4f8b31920 WatcherThread "VM Periodic Task Thread"        [id=16600, stack(0x000000e9d4800000,0x000000e9d4900000) (1024K)]
  0x000002b4e29ab560 WorkerThread "GC Thread#0"                     [id=12080, stack(0x000000e9d4700000,0x000000e9d4800000) (1024K)]
  0x000002b4ff77f590 WorkerThread "GC Thread#1"                     [id=15708, stack(0x000000e9d5600000,0x000000e9d5700000) (1024K)]
  0x000002b4ff3ad8b0 WorkerThread "GC Thread#2"                     [id=10740, stack(0x000000e9d5700000,0x000000e9d5800000) (1024K)]
  0x000002b4ff3adc50 WorkerThread "GC Thread#3"                     [id=17912, stack(0x000000e9d5800000,0x000000e9d5900000) (1024K)]
  0x000002b4ff3adff0 WorkerThread "GC Thread#4"                     [id=10216, stack(0x000000e9d5900000,0x000000e9d5a00000) (1024K)]
  0x000002b4ff7a7670 WorkerThread "GC Thread#5"                     [id=16168, stack(0x000000e9d5a00000,0x000000e9d5b00000) (1024K)]
  0x000002b4ff7a7a10 WorkerThread "GC Thread#6"                     [id=12124, stack(0x000000e9d5b00000,0x000000e9d5c00000) (1024K)]
  0x000002b4ff500030 WorkerThread "GC Thread#7"                     [id=17468, stack(0x000000e9d5e00000,0x000000e9d5f00000) (1024K)]
Total: 10

Threads with active compile tasks:
C2 CompilerThread0  8866 10479       4       java.lang.invoke.DelegatingMethodHandle::makeReinvokerForm (326 bytes)
C1 CompilerThread0  8866 10458   !   3       java.io.ObjectOutputStream::defaultWriteFields (288 bytes)
Total: 2

VM state: not at safepoint (normal execution)

VM Mutex/Monitor currently owned by a thread: None

Heap address: 0x00000000c0000000, size: 1024 MB, Compressed Oops mode: 32-bit

CDS archive(s) mapped at: [0x000002b480000000-0x000002b480ba0000-0x000002b480ba0000), size 12189696, SharedBaseAddress: 0x000002b480000000, ArchiveRelocationMode: 1.
Compressed class space mapped at: 0x000002b481000000-0x000002b4c1000000, reserved size: 1073741824
Narrow klass base: 0x000002b480000000, Narrow klass shift: 0, Narrow klass range: 0x100000000

GC Precious Log:
 CardTable entry size: 512
 CPUs: 8 total, 8 available
 Memory: 32551M
 Large Page Support: Disabled
 NUMA Support: Disabled
 Compressed Oops: Enabled (32-bit)
 Alignments: Space 512K, Generation 512K, Heap 2M
 Heap Min Capacity: 100M
 Heap Initial Capacity: 100M
 Heap Max Capacity: 1G
 Pre-touch: Disabled
 Parallel Workers: 8

Heap:
 PSYoungGen      total 15872K, used 7856K [0x00000000eab00000, 0x00000000ebd00000, 0x0000000100000000)
  eden space 15360K, 51% used [0x00000000eab00000,0x00000000eb2ac000,0x00000000eba00000)
  from space 512K, 0% used [0x00000000ebb80000,0x00000000ebb80000,0x00000000ebc00000)
  to   space 1536K, 0% used [0x00000000eba00000,0x00000000eba00000,0x00000000ebb80000)
 ParOldGen       total 83456K, used 65212K [0x00000000c0000000, 0x00000000c5180000, 0x00000000eab00000)
  object space 83456K, 78% used [0x00000000c0000000,0x00000000c3faf018,0x00000000c5180000)
 Metaspace       used 59067K, committed 60480K, reserved 1114112K
  class space    used 6196K, committed 6848K, reserved 1048576K

Card table byte_map: [0x000002b4f6540000,0x000002b4f6750000] _byte_map_base: 0x000002b4f5f40000

Marking Bits: (ParMarkBitMap*) 0x00007ff9770631f0
 Begin Bits: [0x000002b4f68b0000, 0x000002b4f78b0000)
 End Bits:   [0x000002b4f78b0000, 0x000002b4f88b0000)

Polling page: 0x000002b4e27b0000

Metaspace:

Usage:
  Non-class:     51.63 MB used.
      Class:      6.05 MB used.
       Both:     57.68 MB used.

Virtual space:
  Non-class space:       64.00 MB reserved,      52.38 MB ( 82%) committed,  1 nodes.
      Class space:        1.00 GB reserved,       6.69 MB ( <1%) committed,  1 nodes.
             Both:        1.06 GB reserved,      59.06 MB (  5%) committed. 

Chunk freelists:
   Non-Class:  10.85 MB
       Class:  9.37 MB
        Both:  20.21 MB

MaxMetaspaceSize: unlimited
CompressedClassSpaceSize: 1.00 GB
Initial GC threshold: 21.00 MB
Current GC threshold: 97.31 MB
CDS: on
 - commit_granule_bytes: 65536.
 - commit_granule_words: 8192.
 - virtual_space_node_default_size: 8388608.
 - enlarge_chunks_in_place: 1.
 - use_allocation_guard: 0.


Internal statistics:

num_allocs_failed_limit: 11.
num_arena_births: 1104.
num_arena_deaths: 22.
num_vsnodes_births: 2.
num_vsnodes_deaths: 0.
num_space_committed: 946.
num_space_uncommitted: 0.
num_chunks_returned_to_freelist: 36.
num_chunks_taken_from_freelist: 3768.
num_chunk_merges: 18.
num_chunk_splits: 2388.
num_chunks_enlarged: 1438.
num_inconsistent_stats: 0.

CodeHeap 'non-profiled nmethods': size=120000Kb used=6748Kb max_used=6748Kb free=113252Kb
 bounds [0x000002b4eee30000, 0x000002b4ef4d0000, 0x000002b4f6360000]
CodeHeap 'profiled nmethods': size=120000Kb used=20944Kb max_used=21475Kb free=99055Kb
 bounds [0x000002b4e7360000, 0x000002b4e8860000, 0x000002b4ee890000]
CodeHeap 'non-nmethods': size=5760Kb used=1416Kb max_used=1490Kb free=4343Kb
 bounds [0x000002b4ee890000, 0x000002b4eeb00000, 0x000002b4eee30000]
 total_blobs=10387 nmethods=9670 adapters=623
 compilation: enabled
              stopped_count=0, restarted_count=0
 full_count=0

Compilation events (20 events):
Event: 8.838 Thread 0x000002b4f8c6f3c0 nmethod 10440 0x000002b4e750b790 code [0x000002b4e750b940, 0x000002b4e750bb58]
Event: 8.838 Thread 0x000002b4f8c6f3c0 10441       3       java.io.ObjectStreamClass::isExternalizable (9 bytes)
Event: 8.838 Thread 0x000002b4f8c6f3c0 nmethod 10441 0x000002b4e75af790 code [0x000002b4e75af940, 0x000002b4e75afbb0]
Event: 8.838 Thread 0x000002b4f8c6f3c0 10442       3       java.io.ObjectOutputStream$HandleTable::insert (39 bytes)
Event: 8.838 Thread 0x000002b4f8c6f3c0 nmethod 10442 0x000002b4e7bcc010 code [0x000002b4e7bcc1e0, 0x000002b4e7bcc570]
Event: 8.838 Thread 0x000002b4f8c6f3c0 10444       3       java.io.ObjectOutputStream$BlockDataOutputStream::writeByte (33 bytes)
Event: 8.838 Thread 0x000002b4f8c6f3c0 nmethod 10444 0x000002b4e77dff10 code [0x000002b4e77e00c0, 0x000002b4e77e0280]
Event: 8.838 Thread 0x000002b4f8c6f3c0 10443       3       java.io.ClassCache::get (56 bytes)
Event: 8.839 Thread 0x000002b4f8c6f3c0 nmethod 10443 0x000002b4e7b2b710 code [0x000002b4e7b2b9a0, 0x000002b4e7b2c5f0]
Event: 8.839 Thread 0x000002b4f8c6f3c0 10446       3       java.io.ObjectOutputStream$BlockDataOutputStream::getUTFLength (124 bytes)
Event: 8.839 Thread 0x000002b4f8c6f3c0 nmethod 10446 0x000002b4e76ebf10 code [0x000002b4e76ec100, 0x000002b4e76ec6a8]
Event: 8.839 Thread 0x000002b4f8c6f3c0 10445   !   3       java.io.ObjectOutputStream::writeObject0 (620 bytes)
Event: 8.840 Thread 0x000002b4fa781300 nmethod 10432 0x000002b4eeeb8690 code [0x000002b4eeeb88a0, 0x000002b4eeeb9280]
Event: 8.840 Thread 0x000002b4fa781300 10450   !   4       java.io.BufferedOutputStream::write (73 bytes)
Event: 8.840 Thread 0x000002b4f8c6e6d0 nmethod 10434 0x000002b4eef81e90 code [0x000002b4eef820e0, 0x000002b4eef82788]
Event: 8.841 Thread 0x000002b4f8c6f3c0 nmethod 10445 0x000002b4e7d1fa90 code [0x000002b4e7d20140, 0x000002b4e7d239d8]
Event: 8.841 Thread 0x000002b4f8c6f3c0 10448       3       java.io.ObjectOutputStream$BlockDataOutputStream::drain (45 bytes)
Event: 8.841 Thread 0x000002b4f8c6f3c0 nmethod 10448 0x000002b4e7ca0310 code [0x000002b4e7ca04e0, 0x000002b4e7ca07a8]
Event: 8.841 Thread 0x000002b4f8c6f3c0 10458   !   3       java.io.ObjectOutputStream::defaultWriteFields (288 bytes)
Event: 8.841 Thread 0x000002b4f8c6e6d0 10461       4       java.io.BufferedOutputStream::implWrite (71 bytes)

GC Heap History (20 events):
Event: 6.899 GC heap before
{Heap before GC invocations=82 (full 2):
 PSYoungGen      total 15872K, used 15808K [0x00000000eab00000, 0x00000000ebd80000, 0x0000000100000000)
  eden space 15360K, 100% used [0x00000000eab00000,0x00000000eba00000,0x00000000eba00000)
  from space 512K, 87% used [0x00000000ebc80000,0x00000000ebcf0000,0x00000000ebd00000)
  to   space 512K, 0% used [0x00000000ebd00000,0x00000000ebd00000,0x00000000ebd80000)
 ParOldGen       total 78336K, used 78280K [0x00000000c0000000, 0x00000000c4c80000, 0x00000000eab00000)
  object space 78336K, 99% used [0x00000000c0000000,0x00000000c4c72068,0x00000000c4c80000)
 Metaspace       used 53948K, committed 55296K, reserved 1114112K
  class space    used 5607K, committed 6208K, reserved 1048576K
}
Event: 6.901 GC heap after
{Heap after GC invocations=82 (full 2):
 PSYoungGen      total 15872K, used 512K [0x00000000eab00000, 0x00000000ebd80000, 0x0000000100000000)
  eden space 15360K, 0% used [0x00000000eab00000,0x00000000eab00000,0x00000000eba00000)
  from space 512K, 100% used [0x00000000ebd00000,0x00000000ebd80000,0x00000000ebd80000)
  to   space 1024K, 0% used [0x00000000ebb80000,0x00000000ebb80000,0x00000000ebc80000)
 ParOldGen       total 78848K, used 78624K [0x00000000c0000000, 0x00000000c4d00000, 0x00000000eab00000)
  object space 78848K, 99% used [0x00000000c0000000,0x00000000c4cc8068,0x00000000c4d00000)
 Metaspace       used 53948K, committed 55296K, reserved 1114112K
  class space    used 5607K, committed 6208K, reserved 1048576K
}
Event: 6.923 GC heap before
{Heap before GC invocations=83 (full 2):
 PSYoungGen      total 15872K, used 15872K [0x00000000eab00000, 0x00000000ebd80000, 0x0000000100000000)
  eden space 15360K, 100% used [0x00000000eab00000,0x00000000eba00000,0x00000000eba00000)
  from space 512K, 100% used [0x00000000ebd00000,0x00000000ebd80000,0x00000000ebd80000)
  to   space 1024K, 0% used [0x00000000ebb80000,0x00000000ebb80000,0x00000000ebc80000)
 ParOldGen       total 78848K, used 78624K [0x00000000c0000000, 0x00000000c4d00000, 0x00000000eab00000)
  object space 78848K, 99% used [0x00000000c0000000,0x00000000c4cc8068,0x00000000c4d00000)
 Metaspace       used 53949K, committed 55296K, reserved 1114112K
  class space    used 5607K, committed 6208K, reserved 1048576K
}
Event: 6.924 GC heap after
{Heap after GC invocations=83 (full 2):
 PSYoungGen      total 16384K, used 448K [0x00000000eab00000, 0x00000000ebd80000, 0x0000000100000000)
  eden space 15360K, 0% used [0x00000000eab00000,0x00000000eab00000,0x00000000eba00000)
  from space 1024K, 43% used [0x00000000ebb80000,0x00000000ebbf0000,0x00000000ebc80000)
  to   space 1024K, 0% used [0x00000000ebc80000,0x00000000ebc80000,0x00000000ebd80000)
 ParOldGen       total 79360K, used 79024K [0x00000000c0000000, 0x00000000c4d80000, 0x00000000eab00000)
  object space 79360K, 99% used [0x00000000c0000000,0x00000000c4d2c068,0x00000000c4d80000)
 Metaspace       used 53949K, committed 55296K, reserved 1114112K
  class space    used 5607K, committed 6208K, reserved 1048576K
}
Event: 6.944 GC heap before
{Heap before GC invocations=84 (full 2):
 PSYoungGen      total 16384K, used 15808K [0x00000000eab00000, 0x00000000ebd80000, 0x0000000100000000)
  eden space 15360K, 100% used [0x00000000eab00000,0x00000000eba00000,0x00000000eba00000)
  from space 1024K, 43% used [0x00000000ebb80000,0x00000000ebbf0000,0x00000000ebc80000)
  to   space 1024K, 0% used [0x00000000ebc80000,0x00000000ebc80000,0x00000000ebd80000)
 ParOldGen       total 79360K, used 79024K [0x00000000c0000000, 0x00000000c4d80000, 0x00000000eab00000)
  object space 79360K, 99% used [0x00000000c0000000,0x00000000c4d2c068,0x00000000c4d80000)
 Metaspace       used 53953K, committed 55296K, reserved 1114112K
  class space    used 5607K, committed 6208K, reserved 1048576K
}
Event: 6.944 GC heap after
{Heap after GC invocations=84 (full 2):
 PSYoungGen      total 16384K, used 546K [0x00000000eab00000, 0x00000000ebd80000, 0x0000000100000000)
  eden space 15360K, 0% used [0x00000000eab00000,0x00000000eab00000,0x00000000eba00000)
  from space 1024K, 53% used [0x00000000ebc80000,0x00000000ebd08800,0x00000000ebd80000)
  to   space 1024K, 0% used [0x00000000ebb80000,0x00000000ebb80000,0x00000000ebc80000)
 ParOldGen       total 79360K, used 79336K [0x00000000c0000000, 0x00000000c4d80000, 0x00000000eab00000)
  object space 79360K, 99% used [0x00000000c0000000,0x00000000c4d7a068,0x00000000c4d80000)
 Metaspace       used 53953K, committed 55296K, reserved 1114112K
  class space    used 5607K, committed 6208K, reserved 1048576K
}
Event: 6.964 GC heap before
{Heap before GC invocations=85 (full 2):
 PSYoungGen      total 16384K, used 15906K [0x00000000eab00000, 0x00000000ebd80000, 0x0000000100000000)
  eden space 15360K, 100% used [0x00000000eab00000,0x00000000eba00000,0x00000000eba00000)
  from space 1024K, 53% used [0x00000000ebc80000,0x00000000ebd08800,0x00000000ebd80000)
  to   space 1024K, 0% used [0x00000000ebb80000,0x00000000ebb80000,0x00000000ebc80000)
 ParOldGen       total 79360K, used 79336K [0x00000000c0000000, 0x00000000c4d80000, 0x00000000eab00000)
  object space 79360K, 99% used [0x00000000c0000000,0x00000000c4d7a068,0x00000000c4d80000)
 Metaspace       used 53959K, committed 55296K, reserved 1114112K
  class space    used 5607K, committed 6208K, reserved 1048576K
}
Event: 6.965 GC heap after
{Heap after GC invocations=85 (full 2):
 PSYoungGen      total 16384K, used 448K [0x00000000eab00000, 0x00000000ebd00000, 0x0000000100000000)
  eden space 15360K, 0% used [0x00000000eab00000,0x00000000eab00000,0x00000000eba00000)
  from space 1024K, 43% used [0x00000000ebb80000,0x00000000ebbf0000,0x00000000ebc80000)
  to   space 512K, 0% used [0x00000000ebc80000,0x00000000ebc80000,0x00000000ebd00000)
 ParOldGen       total 79872K, used 79738K [0x00000000c0000000, 0x00000000c4e00000, 0x00000000eab00000)
  object space 79872K, 99% used [0x00000000c0000000,0x00000000c4dde868,0x00000000c4e00000)
 Metaspace       used 53959K, committed 55296K, reserved 1114112K
  class space    used 5607K, committed 6208K, reserved 1048576K
}
Event: 7.003 GC heap before
{Heap before GC invocations=86 (full 2):
 PSYoungGen      total 16384K, used 15808K [0x00000000eab00000, 0x00000000ebd00000, 0x0000000100000000)
  eden space 15360K, 100% used [0x00000000eab00000,0x00000000eba00000,0x00000000eba00000)
  from space 1024K, 43% used [0x00000000ebb80000,0x00000000ebbf0000,0x00000000ebc80000)
  to   space 512K, 0% used [0x00000000ebc80000,0x00000000ebc80000,0x00000000ebd00000)
 ParOldGen       total 79872K, used 79738K [0x00000000c0000000, 0x00000000c4e00000, 0x00000000eab00000)
  object space 79872K, 99% used [0x00000000c0000000,0x00000000c4dde868,0x00000000c4e00000)
 Metaspace       used 54086K, committed 55424K, reserved 1114112K
  class space    used 5618K, committed 6208K, reserved 1048576K
}
Event: 7.004 GC heap after
{Heap after GC invocations=86 (full 2):
 PSYoungGen      total 15872K, used 512K [0x00000000eab00000, 0x00000000ebe00000, 0x0000000100000000)
  eden space 15360K, 0% used [0x00000000eab00000,0x00000000eab00000,0x00000000eba00000)
  from space 512K, 100% used [0x00000000ebc80000,0x00000000ebd00000,0x00000000ebd00000)
  to   space 2048K, 0% used [0x00000000eba00000,0x00000000eba00000,0x00000000ebc00000)
 ParOldGen       total 81408K, used 80914K [0x00000000c0000000, 0x00000000c4f80000, 0x00000000eab00000)
  object space 81408K, 99% used [0x00000000c0000000,0x00000000c4f04868,0x00000000c4f80000)
 Metaspace       used 54086K, committed 55424K, reserved 1114112K
  class space    used 5618K, committed 6208K, reserved 1048576K
}
Event: 7.128 GC heap before
{Heap before GC invocations=87 (full 2):
 PSYoungGen      total 15872K, used 15872K [0x00000000eab00000, 0x00000000ebe00000, 0x0000000100000000)
  eden space 15360K, 100% used [0x00000000eab00000,0x00000000eba00000,0x00000000eba00000)
  from space 512K, 100% used [0x00000000ebc80000,0x00000000ebd00000,0x00000000ebd00000)
  to   space 2048K, 0% used [0x00000000eba00000,0x00000000eba00000,0x00000000ebc00000)
 ParOldGen       total 81408K, used 80914K [0x00000000c0000000, 0x00000000c4f80000, 0x00000000eab00000)
  object space 81408K, 99% used [0x00000000c0000000,0x00000000c4f04868,0x00000000c4f80000)
 Metaspace       used 55464K, committed 56768K, reserved 1114112K
  class space    used 5776K, committed 6336K, reserved 1048576K
}
Event: 7.130 GC heap after
{Heap after GC invocations=87 (full 2):
 PSYoungGen      total 16896K, used 1123K [0x00000000eab00000, 0x00000000ebd00000, 0x0000000100000000)
  eden space 15360K, 0% used [0x00000000eab00000,0x00000000eab00000,0x00000000eba00000)
  from space 1536K, 73% used [0x00000000eba00000,0x00000000ebb18ce0,0x00000000ebb80000)
  to   space 1536K, 0% used [0x00000000ebb80000,0x00000000ebb80000,0x00000000ebd00000)
 ParOldGen       total 81920K, used 81434K [0x00000000c0000000, 0x00000000c5000000, 0x00000000eab00000)
  object space 81920K, 99% used [0x00000000c0000000,0x00000000c4f86868,0x00000000c5000000)
 Metaspace       used 55464K, committed 56768K, reserved 1114112K
  class space    used 5776K, committed 6336K, reserved 1048576K
}
Event: 7.255 GC heap before
{Heap before GC invocations=88 (full 2):
 PSYoungGen      total 16896K, used 16483K [0x00000000eab00000, 0x00000000ebd00000, 0x0000000100000000)
  eden space 15360K, 100% used [0x00000000eab00000,0x00000000eba00000,0x00000000eba00000)
  from space 1536K, 73% used [0x00000000eba00000,0x00000000ebb18ce0,0x00000000ebb80000)
  to   space 1536K, 0% used [0x00000000ebb80000,0x00000000ebb80000,0x00000000ebd00000)
 ParOldGen       total 81920K, used 81434K [0x00000000c0000000, 0x00000000c5000000, 0x00000000eab00000)
  object space 81920K, 99% used [0x00000000c0000000,0x00000000c4f86868,0x00000000c5000000)
 Metaspace       used 56352K, committed 57664K, reserved 1114112K
  class space    used 5895K, committed 6464K, reserved 1048576K
}
Event: 7.257 GC heap after
{Heap after GC invocations=88 (full 2):
 PSYoungGen      total 15872K, used 347K [0x00000000eab00000, 0x00000000ebc00000, 0x0000000100000000)
  eden space 15360K, 0% used [0x00000000eab00000,0x00000000eab00000,0x00000000eba00000)
  from space 512K, 67% used [0x00000000ebb80000,0x00000000ebbd6ed8,0x00000000ebc00000)
  to   space 1024K, 0% used [0x00000000eba00000,0x00000000eba00000,0x00000000ebb00000)
 ParOldGen       total 82432K, used 82405K [0x00000000c0000000, 0x00000000c5080000, 0x00000000eab00000)
  object space 82432K, 99% used [0x00000000c0000000,0x00000000c5079480,0x00000000c5080000)
 Metaspace       used 56352K, committed 57664K, reserved 1114112K
  class space    used 5895K, committed 6464K, reserved 1048576K
}
Event: 7.365 GC heap before
{Heap before GC invocations=89 (full 2):
 PSYoungGen      total 15872K, used 15707K [0x00000000eab00000, 0x00000000ebc00000, 0x0000000100000000)
  eden space 15360K, 100% used [0x00000000eab00000,0x00000000eba00000,0x00000000eba00000)
  from space 512K, 67% used [0x00000000ebb80000,0x00000000ebbd6ed8,0x00000000ebc00000)
  to   space 1024K, 0% used [0x00000000eba00000,0x00000000eba00000,0x00000000ebb00000)
 ParOldGen       total 82432K, used 82405K [0x00000000c0000000, 0x00000000c5080000, 0x00000000eab00000)
  object space 82432K, 99% used [0x00000000c0000000,0x00000000c5079480,0x00000000c5080000)
 Metaspace       used 57358K, committed 58752K, reserved 1114112K
  class space    used 5978K, committed 6592K, reserved 1048576K
}
Event: 7.366 GC heap after
{Heap after GC invocations=89 (full 2):
 PSYoungGen      total 16384K, used 288K [0x00000000eab00000, 0x00000000ebc00000, 0x0000000100000000)
  eden space 15360K, 0% used [0x00000000eab00000,0x00000000eab00000,0x00000000eba00000)
  from space 1024K, 28% used [0x00000000eba00000,0x00000000eba48000,0x00000000ebb00000)
  to   space 512K, 0% used [0x00000000ebb80000,0x00000000ebb80000,0x00000000ebc00000)
 ParOldGen       total 82944K, used 82597K [0x00000000c0000000, 0x00000000c5100000, 0x00000000eab00000)
  object space 82944K, 99% used [0x00000000c0000000,0x00000000c50a9480,0x00000000c5100000)
 Metaspace       used 57358K, committed 58752K, reserved 1114112K
  class space    used 5978K, committed 6592K, reserved 1048576K
}
Event: 7.481 GC heap before
{Heap before GC invocations=90 (full 2):
 PSYoungGen      total 16384K, used 11626K [0x00000000eab00000, 0x00000000ebc00000, 0x0000000100000000)
  eden space 15360K, 73% used [0x00000000eab00000,0x00000000eb612860,0x00000000eba00000)
  from space 1024K, 28% used [0x00000000eba00000,0x00000000eba48000,0x00000000ebb00000)
  to   space 512K, 0% used [0x00000000ebb80000,0x00000000ebb80000,0x00000000ebc00000)
 ParOldGen       total 82944K, used 82597K [0x00000000c0000000, 0x00000000c5100000, 0x00000000eab00000)
  object space 82944K, 99% used [0x00000000c0000000,0x00000000c50a9480,0x00000000c5100000)
 Metaspace       used 58397K, committed 59776K, reserved 1114112K
  class space    used 6097K, committed 6720K, reserved 1048576K
}
Event: 7.483 GC heap after
{Heap after GC invocations=90 (full 2):
 PSYoungGen      total 15872K, used 483K [0x00000000eab00000, 0x00000000ebd00000, 0x0000000100000000)
  eden space 15360K, 0% used [0x00000000eab00000,0x00000000eab00000,0x00000000eba00000)
  from space 512K, 94% used [0x00000000ebb80000,0x00000000ebbf8e58,0x00000000ebc00000)
  to   space 1536K, 0% used [0x00000000eba00000,0x00000000eba00000,0x00000000ebb80000)
 ParOldGen       total 83456K, used 83317K [0x00000000c0000000, 0x00000000c5180000, 0x00000000eab00000)
  object space 83456K, 99% used [0x00000000c0000000,0x00000000c515d480,0x00000000c5180000)
 Metaspace       used 58397K, committed 59776K, reserved 1114112K
  class space    used 6097K, committed 6720K, reserved 1048576K
}
Event: 7.483 GC heap before
{Heap before GC invocations=91 (full 3):
 PSYoungGen      total 15872K, used 483K [0x00000000eab00000, 0x00000000ebd00000, 0x0000000100000000)
  eden space 15360K, 0% used [0x00000000eab00000,0x00000000eab00000,0x00000000eba00000)
  from space 512K, 94% used [0x00000000ebb80000,0x00000000ebbf8e58,0x00000000ebc00000)
  to   space 1536K, 0% used [0x00000000eba00000,0x00000000eba00000,0x00000000ebb80000)
 ParOldGen       total 83456K, used 83317K [0x00000000c0000000, 0x00000000c5180000, 0x00000000eab00000)
  object space 83456K, 99% used [0x00000000c0000000,0x00000000c515d480,0x00000000c5180000)
 Metaspace       used 58397K, committed 59776K, reserved 1114112K
  class space    used 6097K, committed 6720K, reserved 1048576K
}
Event: 7.567 GC heap after
{Heap after GC invocations=91 (full 3):
 PSYoungGen      total 15872K, used 0K [0x00000000eab00000, 0x00000000ebd00000, 0x0000000100000000)
  eden space 15360K, 0% used [0x00000000eab00000,0x00000000eab00000,0x00000000eba00000)
  from space 512K, 0% used [0x00000000ebb80000,0x00000000ebb80000,0x00000000ebc00000)
  to   space 1536K, 0% used [0x00000000eba00000,0x00000000eba00000,0x00000000ebb80000)
 ParOldGen       total 83456K, used 65212K [0x00000000c0000000, 0x00000000c5180000, 0x00000000eab00000)
  object space 83456K, 78% used [0x00000000c0000000,0x00000000c3faf018,0x00000000c5180000)
 Metaspace       used 58390K, committed 59776K, reserved 1114112K
  class space    used 6095K, committed 6720K, reserved 1048576K
}

Dll operation events (10 events):
Event: 0.006 Loaded shared library c:\Users\XIAOMI\.cursor\extensions\redhat.java-1.42.0-win32-x64\jre\21.0.7-win32-x86_64\bin\java.dll
Event: 0.022 Loaded shared library c:\Users\XIAOMI\.cursor\extensions\redhat.java-1.42.0-win32-x64\jre\21.0.7-win32-x86_64\bin\zip.dll
Event: 0.069 Loaded shared library C:\Users\XIAOMI\.cursor\extensions\redhat.java-1.42.0-win32-x64\jre\21.0.7-win32-x86_64\bin\instrument.dll
Event: 0.074 Loaded shared library C:\Users\XIAOMI\.cursor\extensions\redhat.java-1.42.0-win32-x64\jre\21.0.7-win32-x86_64\bin\net.dll
Event: 0.075 Loaded shared library C:\Users\XIAOMI\.cursor\extensions\redhat.java-1.42.0-win32-x64\jre\21.0.7-win32-x86_64\bin\nio.dll
Event: 0.078 Loaded shared library C:\Users\XIAOMI\.cursor\extensions\redhat.java-1.42.0-win32-x64\jre\21.0.7-win32-x86_64\bin\zip.dll
Event: 0.091 Loaded shared library C:\Users\XIAOMI\.cursor\extensions\redhat.java-1.42.0-win32-x64\jre\21.0.7-win32-x86_64\bin\jimage.dll
Event: 0.149 Loaded shared library c:\Users\XIAOMI\.cursor\extensions\redhat.java-1.42.0-win32-x64\jre\21.0.7-win32-x86_64\bin\verify.dll
Event: 1.041 Loaded shared library C:\Users\XIAOMI\AppData\Roaming\Cursor\User\globalStorage\redhat.java\1.42.0\config_win\org.eclipse.equinox.launcher\org.eclipse.equinox.launcher.win32.win32.x86_64_1.2.1300.v20250331-1702\eclipse_11911.dll
Event: 1.967 Loaded shared library C:\Users\XIAOMI\AppData\Local\Temp\jna--1706170181\jna5782010316890741094.dll

Deoptimization events (20 events):
Event: 7.583 Thread 0x000002b4c30afc80 Uncommon trap: trap_request=0xffffffde fr.pc=0x000002b4ef2c4218 relative=0x0000000000000078
Event: 7.583 Thread 0x000002b4c30afc80 Uncommon trap: reason=class_check action=maybe_recompile pc=0x000002b4ef2c4218 method=java.util.Collections$UnmodifiableMap$UnmodifiableEntrySet$UnmodifiableEntry.getValue()Ljava/lang/Object; @ 4 c2
Event: 7.583 Thread 0x000002b4c30afc80 DEOPT PACKING pc=0x000002b4ef2c4218 sp=0x000000e9d77fc780
Event: 7.583 Thread 0x000002b4c30afc80 DEOPT UNPACKING pc=0x000002b4ee8e6da2 sp=0x000000e9d77fc708 mode 2
Event: 7.592 Thread 0x000002b4c30afc80 Uncommon trap: trap_request=0xffffff45 fr.pc=0x000002b4eee744d8 relative=0x0000000000000318
Event: 7.592 Thread 0x000002b4c30afc80 Uncommon trap: reason=unstable_if action=reinterpret pc=0x000002b4eee744d8 method=java.util.HashMap$HashIterator.<init>(Ljava/util/HashMap;)V @ 45 c2
Event: 7.592 Thread 0x000002b4c30afc80 DEOPT PACKING pc=0x000002b4eee744d8 sp=0x000000e9d77fe510
Event: 7.592 Thread 0x000002b4c30afc80 DEOPT UNPACKING pc=0x000002b4ee8e6da2 sp=0x000000e9d77fe3e0 mode 2
Event: 8.819 Thread 0x000002b4c1269e30 Uncommon trap: trap_request=0xfffffff4 fr.pc=0x000002b4ef3738f0 relative=0x00000000000003b0
Event: 8.819 Thread 0x000002b4c1269e30 Uncommon trap: reason=null_check action=make_not_entrant pc=0x000002b4ef3738f0 method=org.eclipse.core.runtime.Path.equals(Ljava/lang/Object;)Z @ 8 c2
Event: 8.819 Thread 0x000002b4c1269e30 DEOPT PACKING pc=0x000002b4ef3738f0 sp=0x000000e9d69ff0a0
Event: 8.819 Thread 0x000002b4c1269e30 DEOPT UNPACKING pc=0x000002b4ee8e6da2 sp=0x000000e9d69ff030 mode 2
Event: 8.823 Thread 0x000002b4c1269e30 Uncommon trap: trap_request=0xffffff45 fr.pc=0x000002b4ef36f244 relative=0x00000000000010c4
Event: 8.823 Thread 0x000002b4c1269e30 Uncommon trap: reason=unstable_if action=reinterpret pc=0x000002b4ef36f244 method=org.eclipse.core.runtime.Path.toOSString()Ljava/lang/String; @ 66 c2
Event: 8.823 Thread 0x000002b4c1269e30 DEOPT PACKING pc=0x000002b4ef36f244 sp=0x000000e9d69feef0
Event: 8.823 Thread 0x000002b4c1269e30 DEOPT UNPACKING pc=0x000002b4ee8e6da2 sp=0x000000e9d69feea8 mode 2
Event: 8.834 Thread 0x000002b4c1269e30 DEOPT PACKING pc=0x000002b4e7b918ae sp=0x000000e9d69fefe0
Event: 8.834 Thread 0x000002b4c1269e30 DEOPT UNPACKING pc=0x000002b4ee8e78e2 sp=0x000000e9d69fe538 mode 0
Event: 8.834 Thread 0x000002b4c1269e30 DEOPT PACKING pc=0x000002b4e7b918ae sp=0x000000e9d69fefe0
Event: 8.834 Thread 0x000002b4c1269e30 DEOPT UNPACKING pc=0x000002b4ee8e78e2 sp=0x000000e9d69fe538 mode 0

Classes loaded (20 events):
Event: 8.810 Loading class java/util/concurrent/Executors$DelegatedExecutorService done
Event: 8.810 Loading class java/util/concurrent/Executors$DelegatedScheduledExecutorService done
Event: 8.821 Loading class java/util/concurrent/ConcurrentHashMap$EntrySpliterator
Event: 8.821 Loading class java/util/concurrent/ConcurrentHashMap$EntrySpliterator done
Event: 8.832 Loading class java/util/stream/Nodes$CollectorTask$OfRef
Event: 8.832 Loading class java/util/stream/Nodes$CollectorTask
Event: 8.832 Loading class java/util/stream/Nodes$CollectorTask done
Event: 8.832 Loading class java/util/stream/Nodes$CollectorTask$OfRef done
Event: 8.832 Loading class java/util/function/LongFunction
Event: 8.832 Loading class java/util/function/LongFunction done
Event: 8.832 Loading class java/util/stream/Nodes$ConcNode
Event: 8.833 Loading class java/util/stream/Nodes$AbstractConcNode
Event: 8.833 Loading class java/util/stream/Nodes$AbstractConcNode done
Event: 8.833 Loading class java/util/stream/Nodes$ConcNode done
Event: 8.835 Loading class java/io/ObjectOutputStream$BlockDataOutputStream
Event: 8.835 Loading class java/io/ObjectOutputStream$BlockDataOutputStream done
Event: 8.835 Loading class java/io/ObjectOutputStream$HandleTable
Event: 8.835 Loading class java/io/ObjectOutputStream$HandleTable done
Event: 8.835 Loading class java/io/ObjectOutputStream$ReplaceTable
Event: 8.835 Loading class java/io/ObjectOutputStream$ReplaceTable done

Classes unloaded (11 events):
Event: 2.425 Thread 0x000002b4f8c3e020 Unloading class 0x000002b4811a3800 'java/lang/invoke/LambdaForm$MH+0x000002b4811a3800'
Event: 2.425 Thread 0x000002b4f8c3e020 Unloading class 0x000002b4811a3400 'java/lang/invoke/LambdaForm$MH+0x000002b4811a3400'
Event: 2.425 Thread 0x000002b4f8c3e020 Unloading class 0x000002b4811a3000 'java/lang/invoke/LambdaForm$MH+0x000002b4811a3000'
Event: 2.425 Thread 0x000002b4f8c3e020 Unloading class 0x000002b4811a2c00 'java/lang/invoke/LambdaForm$MH+0x000002b4811a2c00'
Event: 2.425 Thread 0x000002b4f8c3e020 Unloading class 0x000002b4811a2800 'java/lang/invoke/LambdaForm$BMH+0x000002b4811a2800'
Event: 2.425 Thread 0x000002b4f8c3e020 Unloading class 0x000002b4811a2400 'java/lang/invoke/LambdaForm$DMH+0x000002b4811a2400'
Event: 2.425 Thread 0x000002b4f8c3e020 Unloading class 0x000002b4811a1400 'java/lang/invoke/LambdaForm$DMH+0x000002b4811a1400'
Event: 7.498 Thread 0x000002b4f8c3e020 Unloading class 0x000002b4815c5000 'java/lang/invoke/LambdaForm$DMH+0x000002b4815c5000'
Event: 7.498 Thread 0x000002b4f8c3e020 Unloading class 0x000002b4815c4c00 'java/lang/invoke/LambdaForm$DMH+0x000002b4815c4c00'
Event: 7.498 Thread 0x000002b4f8c3e020 Unloading class 0x000002b4815c4800 'java/lang/invoke/LambdaForm$DMH+0x000002b4815c4800'
Event: 7.498 Thread 0x000002b4f8c3e020 Unloading class 0x000002b4815c4400 'java/lang/invoke/LambdaForm$DMH+0x000002b4815c4400'

Classes redefined (0 events):
No events

Internal exceptions (20 events):
Event: 6.362 Thread 0x000002b4c1267d60 Exception <a 'sun/nio/fs/WindowsException'{0x00000000eb275e60}> (0x00000000eb275e60) 
thrown [s\src\hotspot\share\prims\jni.cpp, line 520]
Event: 6.445 Thread 0x000002b4c30afc80 Implicit null exception at 0x000002b4ef3d522e to 0x000002b4ef3db520
Event: 6.523 Thread 0x000002b4c30afc80 Exception <a 'java/lang/IncompatibleClassChangeError'{0x00000000eb77f518}: Found class java.lang.Object, but interface was expected> (0x00000000eb77f518) 
thrown [s\src\hotspot\share\interpreter\linkResolver.cpp, line 840]
Event: 6.563 Thread 0x000002b4c1267d60 Exception <a 'sun/nio/fs/WindowsException'{0x00000000eb0c7d50}> (0x00000000eb0c7d50) 
thrown [s\src\hotspot\share\prims\jni.cpp, line 520]
Event: 6.563 Thread 0x000002b4c1267d60 Exception <a 'sun/nio/fs/WindowsException'{0x00000000eb0c83f0}> (0x00000000eb0c83f0) 
thrown [s\src\hotspot\share\prims\jni.cpp, line 520]
Event: 6.563 Thread 0x000002b4c1267d60 Exception <a 'sun/nio/fs/WindowsException'{0x00000000eb0c9018}> (0x00000000eb0c9018) 
thrown [s\src\hotspot\share\prims\jni.cpp, line 520]
Event: 6.563 Thread 0x000002b4c1267d60 Exception <a 'sun/nio/fs/WindowsException'{0x00000000eb0c96b8}> (0x00000000eb0c96b8) 
thrown [s\src\hotspot\share\prims\jni.cpp, line 520]
Event: 6.564 Thread 0x000002b4c1267d60 Exception <a 'sun/nio/fs/WindowsException'{0x00000000eb282a40}> (0x00000000eb282a40) 
thrown [s\src\hotspot\share\prims\jni.cpp, line 520]
Event: 6.564 Thread 0x000002b4c1267d60 Exception <a 'sun/nio/fs/WindowsException'{0x00000000eb2830e0}> (0x00000000eb2830e0) 
thrown [s\src\hotspot\share\prims\jni.cpp, line 520]
Event: 6.567 Thread 0x000002b4c1267d60 Exception <a 'sun/nio/fs/WindowsException'{0x00000000eb4ede90}> (0x00000000eb4ede90) 
thrown [s\src\hotspot\share\prims\jni.cpp, line 520]
Event: 6.567 Thread 0x000002b4c1267d60 Exception <a 'sun/nio/fs/WindowsException'{0x00000000eb4ee7e0}> (0x00000000eb4ee7e0) 
thrown [s\src\hotspot\share\prims\jni.cpp, line 520]
Event: 6.772 Thread 0x000002b4c1267d60 Exception <a 'java/lang/NoSuchMethodError'{0x00000000eb4c85d8}: 'java.lang.Object java.lang.invoke.DirectMethodHandle$Holder.invokeStatic(java.lang.Object, java.lang.Object, int, java.lang.Object)'> (0x00000000eb4c85d8) 
thrown [s\src\hotspot\share\interpreter\linkResolver.cpp, line 773]
Event: 6.773 Thread 0x000002b4c1267d60 Exception <a 'java/lang/NoSuchMethodError'{0x00000000eb543db0}: 'java.lang.Object java.lang.invoke.DirectMethodHandle$Holder.newInvokeSpecial(java.lang.Object, java.lang.Object, int)'> (0x00000000eb543db0) 
thrown [s\src\hotspot\share\interpreter\linkResolver.cpp, line 773]
Event: 6.781 Thread 0x000002b4c1267d60 Implicit null exception at 0x000002b4eefd9686 to 0x000002b4eefd97a8
Event: 6.812 Thread 0x000002b4c1267d60 Exception <a 'java/io/FileNotFoundException'{0x00000000eb0eed20}> (0x00000000eb0eed20) 
thrown [s\src\hotspot\share\prims\jni.cpp, line 520]
Event: 6.812 Thread 0x000002b4c1267d60 Exception <a 'java/io/FileNotFoundException'{0x00000000eb0efca0}> (0x00000000eb0efca0) 
thrown [s\src\hotspot\share\prims\jni.cpp, line 520]
Event: 7.398 Thread 0x000002b4c30afc80 Exception <a 'java/lang/NoSuchMethodError'{0x00000000eae04b00}: 'int java.lang.invoke.DirectMethodHandle$Holder.invokeSpecialIFC(java.lang.Object, java.lang.Object, java.lang.Object)'> (0x00000000eae04b00) 
thrown [s\src\hotspot\share\interpreter\linkResolver.cpp, line 773]
Event: 8.819 Thread 0x000002b4c1269e30 Exception <a 'sun/nio/fs/WindowsException'{0x00000000eaea8498}> (0x00000000eaea8498) 
thrown [s\src\hotspot\share\prims\jni.cpp, line 520]
Event: 8.819 Thread 0x000002b4c1269e30 Exception <a 'sun/nio/fs/WindowsException'{0x00000000eaea9050}> (0x00000000eaea9050) 
thrown [s\src\hotspot\share\prims\jni.cpp, line 520]
Event: 8.819 Thread 0x000002b4c1269e30 Implicit null exception at 0x000002b4ef373586 to 0x000002b4ef3738e0

ZGC Phase Switch (0 events):
No events

VM Operations (20 events):
Event: 7.255 Executing VM operation: ParallelGCFailedAllocation (Allocation Failure)
Event: 7.257 Executing VM operation: ParallelGCFailedAllocation (Allocation Failure) done
Event: 7.362 Executing VM operation: HandshakeAllThreads (Deoptimize)
Event: 7.363 Executing VM operation: HandshakeAllThreads (Deoptimize) done
Event: 7.365 Executing VM operation: ParallelGCFailedAllocation (Allocation Failure)
Event: 7.366 Executing VM operation: ParallelGCFailedAllocation (Allocation Failure) done
Event: 7.395 Executing VM operation: HandshakeAllThreads (Deoptimize)
Event: 7.395 Executing VM operation: HandshakeAllThreads (Deoptimize) done
Event: 7.469 Executing VM operation: HandshakeAllThreads (Deoptimize)
Event: 7.469 Executing VM operation: HandshakeAllThreads (Deoptimize) done
Event: 7.471 Executing VM operation: HandshakeAllThreads (Deoptimize)
Event: 7.471 Executing VM operation: HandshakeAllThreads (Deoptimize) done
Event: 7.481 Executing VM operation: CollectForMetadataAllocation (Metadata GC Threshold)
Event: 7.567 Executing VM operation: CollectForMetadataAllocation (Metadata GC Threshold) done
Event: 7.571 Executing VM operation: HandshakeAllThreads (Deoptimize)
Event: 7.571 Executing VM operation: HandshakeAllThreads (Deoptimize) done
Event: 7.589 Executing VM operation: HandshakeAllThreads (Deoptimize)
Event: 7.589 Executing VM operation: HandshakeAllThreads (Deoptimize) done
Event: 8.590 Executing VM operation: Cleanup
Event: 8.590 Executing VM operation: Cleanup done

Memory protections (0 events):
No events

Nmethod flushes (20 events):
Event: 7.516 Thread 0x000002b4f8c3e020 flushing  nmethod 0x000002b4e7c7fb90
Event: 7.516 Thread 0x000002b4f8c3e020 flushing  nmethod 0x000002b4e7c7fe90
Event: 7.516 Thread 0x000002b4f8c3e020 flushing  nmethod 0x000002b4e7c8a410
Event: 7.516 Thread 0x000002b4f8c3e020 flushing  nmethod 0x000002b4e7c9e310
Event: 7.516 Thread 0x000002b4f8c3e020 flushing  nmethod 0x000002b4e7ca0310
Event: 7.516 Thread 0x000002b4f8c3e020 flushing  nmethod 0x000002b4e7cba290
Event: 7.516 Thread 0x000002b4f8c3e020 flushing  nmethod 0x000002b4e7cba990
Event: 7.516 Thread 0x000002b4f8c3e020 flushing  nmethod 0x000002b4e7cbb210
Event: 7.516 Thread 0x000002b4f8c3e020 flushing  nmethod 0x000002b4e7cbe710
Event: 7.516 Thread 0x000002b4f8c3e020 flushing  nmethod 0x000002b4e7cc1a10
Event: 7.516 Thread 0x000002b4f8c3e020 flushing  nmethod 0x000002b4e7ce3810
Event: 7.516 Thread 0x000002b4f8c3e020 flushing  nmethod 0x000002b4e7d1f510
Event: 7.516 Thread 0x000002b4f8c3e020 flushing  nmethod 0x000002b4e7d20e10
Event: 7.516 Thread 0x000002b4f8c3e020 flushing  nmethod 0x000002b4e7d22910
Event: 7.516 Thread 0x000002b4f8c3e020 flushing  nmethod 0x000002b4e7d29b10
Event: 7.516 Thread 0x000002b4f8c3e020 flushing  nmethod 0x000002b4e7d2a510
Event: 7.516 Thread 0x000002b4f8c3e020 flushing  nmethod 0x000002b4e7d31190
Event: 7.516 Thread 0x000002b4f8c3e020 flushing  nmethod 0x000002b4e7d3e610
Event: 7.516 Thread 0x000002b4f8c3e020 flushing  nmethod 0x000002b4e7d3eb10
Event: 7.516 Thread 0x000002b4f8c3e020 flushing  nmethod 0x000002b4e7d3ef10

Events (20 events):
Event: 3.286 Thread 0x000002b4c1267d60 Thread added: 0x000002b4c30aa730
Event: 3.286 Thread 0x000002b4c30afc80 Thread added: 0x000002b4c30ad520
Event: 3.286 Thread 0x000002b4c30aa730 Thread added: 0x000002b4c30aa0a0
Event: 3.286 Thread 0x000002b4c30ad520 Thread added: 0x000002b4c30aef60
Event: 3.286 Thread 0x000002b4c30aa0a0 Thread added: 0x000002b4c30b16c0
Event: 3.287 Thread 0x000002b4c30b16c0 Thread added: 0x000002b4c45d9900
Event: 5.245 Thread 0x000002b4c1267d60 Thread added: 0x000002b4c45db340
Event: 5.245 Thread 0x000002b4c1267d60 Thread added: 0x000002b4c45da620
Event: 5.245 Thread 0x000002b4c1267d60 Thread added: 0x000002b4c45dc060
Event: 5.245 Thread 0x000002b4c1267d60 Thread added: 0x000002b4c45dcd80
Event: 5.245 Thread 0x000002b4c1267d60 Thread added: 0x000002b4c45d71a0
Event: 5.613 Thread 0x000002b4c45da620 Thread exited: 0x000002b4c45da620
Event: 5.613 Thread 0x000002b4c45d71a0 Thread exited: 0x000002b4c45d71a0
Event: 5.613 Thread 0x000002b4c45dcd80 Thread exited: 0x000002b4c45dcd80
Event: 5.613 Thread 0x000002b4c45dc060 Thread exited: 0x000002b4c45dc060
Event: 5.613 Thread 0x000002b4c45db340 Thread exited: 0x000002b4c45db340
Event: 8.807 Thread 0x000002b4fa968d80 Thread exited: 0x000002b4fa968d80
Event: 8.810 Thread 0x000002b4c30ae240 Thread added: 0x000002b4c45da620
Event: 8.832 Thread 0x000002b4c1269e30 Thread added: 0x000002b4c45db340
Event: 8.833 Thread 0x000002b4c45db340 Thread exited: 0x000002b4c45db340


Dynamic libraries:
0x00007ff612f50000 - 0x00007ff612f5e000 	c:\Users\XIAOMI\.cursor\extensions\redhat.java-1.42.0-win32-x64\jre\21.0.7-win32-x86_64\bin\java.exe
0x00007ffa296d0000 - 0x00007ffa298c6000 	C:\Windows\SYSTEM32\ntdll.dll
0x00007ffa29240000 - 0x00007ffa292fd000 	C:\Windows\System32\KERNEL32.DLL
0x00007ffa26fd0000 - 0x00007ffa27299000 	C:\Windows\System32\KERNELBASE.dll
0x00007ffa27320000 - 0x00007ffa27420000 	C:\Windows\System32\ucrtbase.dll
0x00007ffa14860000 - 0x00007ffa14878000 	c:\Users\XIAOMI\.cursor\extensions\redhat.java-1.42.0-win32-x64\jre\21.0.7-win32-x86_64\bin\jli.dll
0x00007ffa146e0000 - 0x00007ffa146fe000 	c:\Users\XIAOMI\.cursor\extensions\redhat.java-1.42.0-win32-x64\jre\21.0.7-win32-x86_64\bin\VCRUNTIME140.dll
0x00007ffa290a0000 - 0x00007ffa29240000 	C:\Windows\System32\USER32.dll
0x00007ffa26fa0000 - 0x00007ffa26fc2000 	C:\Windows\System32\win32u.dll
0x00007ffa261f0000 - 0x00007ffa2648b000 	C:\Windows\WinSxS\amd64_microsoft.windows.common-controls_6595b64144ccf1df_6.0.19041.746_none_ca02b4b61b8320a4\COMCTL32.dll
0x00007ffa27950000 - 0x00007ffa2797a000 	C:\Windows\System32\GDI32.dll
0x00007ffa27620000 - 0x00007ffa2772b000 	C:\Windows\System32\gdi32full.dll
0x00007ffa295f0000 - 0x00007ffa2968e000 	C:\Windows\System32\msvcrt.dll
0x00007ffa27420000 - 0x00007ffa274bd000 	C:\Windows\System32\msvcp_win.dll
0x00007ffa27860000 - 0x00007ffa27890000 	C:\Windows\System32\IMM32.DLL
0x00007ffa207f0000 - 0x00007ffa207fc000 	c:\Users\XIAOMI\.cursor\extensions\redhat.java-1.42.0-win32-x64\jre\21.0.7-win32-x86_64\bin\vcruntime140_1.dll
0x00007ff9f7d80000 - 0x00007ff9f7e0d000 	c:\Users\XIAOMI\.cursor\extensions\redhat.java-1.42.0-win32-x64\jre\21.0.7-win32-x86_64\bin\msvcp140.dll
0x00007ff9763b0000 - 0x00007ff977140000 	c:\Users\XIAOMI\.cursor\extensions\redhat.java-1.42.0-win32-x64\jre\21.0.7-win32-x86_64\bin\server\jvm.dll
0x00007ffa27a10000 - 0x00007ffa27abc000 	C:\Windows\System32\ADVAPI32.dll
0x00007ffa289c0000 - 0x00007ffa28a5c000 	C:\Windows\System32\sechost.dll
0x00007ffa27730000 - 0x00007ffa2785b000 	C:\Windows\System32\RPCRT4.dll
0x00007ffa29510000 - 0x00007ffa2957b000 	C:\Windows\System32\WS2_32.dll
0x00007ffa26a20000 - 0x00007ffa26a6b000 	C:\Windows\SYSTEM32\POWRPROF.dll
0x00007ffa1e000000 - 0x00007ffa1e00a000 	C:\Windows\SYSTEM32\VERSION.dll
0x00007ffa08ac0000 - 0x00007ffa08ae7000 	C:\Windows\SYSTEM32\WINMM.dll
0x00007ffa264c0000 - 0x00007ffa264d2000 	C:\Windows\SYSTEM32\UMPDC.dll
0x00007ffa250a0000 - 0x00007ffa250b2000 	C:\Windows\SYSTEM32\kernel.appcore.dll
0x00007ffa1eb40000 - 0x00007ffa1eb4a000 	c:\Users\XIAOMI\.cursor\extensions\redhat.java-1.42.0-win32-x64\jre\21.0.7-win32-x86_64\bin\jimage.dll
0x00007ffa267b0000 - 0x00007ffa26994000 	C:\Windows\SYSTEM32\DBGHELP.DLL
0x00007ffa26780000 - 0x00007ffa267ac000 	C:\Windows\SYSTEM32\dbgcore.DLL
0x00007ffa272a0000 - 0x00007ffa27320000 	C:\Windows\System32\bcryptPrimitives.dll
0x00007ffa15580000 - 0x00007ffa1558f000 	c:\Users\XIAOMI\.cursor\extensions\redhat.java-1.42.0-win32-x64\jre\21.0.7-win32-x86_64\bin\instrument.dll
0x00007ffa14540000 - 0x00007ffa1455f000 	c:\Users\XIAOMI\.cursor\extensions\redhat.java-1.42.0-win32-x64\jre\21.0.7-win32-x86_64\bin\java.dll
0x00007ffa27c70000 - 0x00007ffa283b3000 	C:\Windows\System32\SHELL32.dll
0x00007ffa24900000 - 0x00007ffa2508f000 	C:\Windows\SYSTEM32\windows.storage.dll
0x00007ffa283d0000 - 0x00007ffa28726000 	C:\Windows\System32\combase.dll
0x00007ffa26180000 - 0x00007ffa261ac000 	C:\Windows\SYSTEM32\Wldp.dll
0x00007ffa28910000 - 0x00007ffa289be000 	C:\Windows\System32\SHCORE.dll
0x00007ffa29580000 - 0x00007ffa295d5000 	C:\Windows\System32\shlwapi.dll
0x00007ffa26d40000 - 0x00007ffa26d66000 	C:\Windows\SYSTEM32\profapi.dll
0x00007ffa144e0000 - 0x00007ffa144f8000 	c:\Users\XIAOMI\.cursor\extensions\redhat.java-1.42.0-win32-x64\jre\21.0.7-win32-x86_64\bin\zip.dll
0x00007ffa14530000 - 0x00007ffa14540000 	C:\Users\XIAOMI\.cursor\extensions\redhat.java-1.42.0-win32-x64\jre\21.0.7-win32-x86_64\bin\net.dll
0x00007ffa21cc0000 - 0x00007ffa21dc0000 	C:\Windows\SYSTEM32\WINHTTP.dll
0x00007ffa25df0000 - 0x00007ffa25e5a000 	C:\Windows\system32\mswsock.dll
0x00007ffa126f0000 - 0x00007ffa12706000 	C:\Users\XIAOMI\.cursor\extensions\redhat.java-1.42.0-win32-x64\jre\21.0.7-win32-x86_64\bin\nio.dll
0x00007ffa14440000 - 0x00007ffa14450000 	c:\Users\XIAOMI\.cursor\extensions\redhat.java-1.42.0-win32-x64\jre\21.0.7-win32-x86_64\bin\verify.dll
0x00007ff9f19e0000 - 0x00007ff9f1a25000 	C:\Users\XIAOMI\AppData\Roaming\Cursor\User\globalStorage\redhat.java\1.42.0\config_win\org.eclipse.equinox.launcher\org.eclipse.equinox.launcher.win32.win32.x86_64_1.2.1300.v20250331-1702\eclipse_11911.dll
0x00007ffa287e0000 - 0x00007ffa2890a000 	C:\Windows\System32\ole32.dll
0x00007ffa26b90000 - 0x00007ffa26ba8000 	C:\Windows\SYSTEM32\CRYPTSP.dll
0x00007ffa258b0000 - 0x00007ffa258e4000 	C:\Windows\system32\rsaenh.dll
0x00007ffa26ec0000 - 0x00007ffa26ee7000 	C:\Windows\System32\bcrypt.dll
0x00007ffa26d00000 - 0x00007ffa26d2e000 	C:\Windows\SYSTEM32\USERENV.dll
0x00007ffa260f0000 - 0x00007ffa260fc000 	C:\Windows\SYSTEM32\CRYPTBASE.dll
0x00007ffa25be0000 - 0x00007ffa25c1b000 	C:\Windows\SYSTEM32\IPHLPAPI.DLL
0x00007ffa27c60000 - 0x00007ffa27c68000 	C:\Windows\System32\NSI.dll
0x00007ff984510000 - 0x00007ff984559000 	C:\Users\XIAOMI\AppData\Local\Temp\jna--1706170181\jna5782010316890741094.dll
0x00007ffa295e0000 - 0x00007ffa295e8000 	C:\Windows\System32\PSAPI.DLL
0x00007ffa204a0000 - 0x00007ffa204b7000 	C:\Windows\SYSTEM32\dhcpcsvc6.DLL
0x00007ffa1ff70000 - 0x00007ffa1ff8d000 	C:\Windows\SYSTEM32\dhcpcsvc.DLL
0x00007ffa26b50000 - 0x00007ffa26b83000 	C:\Windows\SYSTEM32\ntmarta.dll

dbghelp: loaded successfully - version: 4.0.5 - missing functions: none
symbol engine: initialized successfully - sym options: 0x614 - pdb path: .;c:\Users\XIAOMI\.cursor\extensions\redhat.java-1.42.0-win32-x64\jre\21.0.7-win32-x86_64\bin;C:\Windows\SYSTEM32;C:\Windows\WinSxS\amd64_microsoft.windows.common-controls_6595b64144ccf1df_6.0.19041.746_none_ca02b4b61b8320a4;c:\Users\XIAOMI\.cursor\extensions\redhat.java-1.42.0-win32-x64\jre\21.0.7-win32-x86_64\bin\server;C:\Users\XIAOMI\AppData\Roaming\Cursor\User\globalStorage\redhat.java\1.42.0\config_win\org.eclipse.equinox.launcher\org.eclipse.equinox.launcher.win32.win32.x86_64_1.2.1300.v20250331-1702;C:\Users\XIAOMI\AppData\Local\Temp\jna--1706170181

VM Arguments:
jvm_args: --add-modules=ALL-SYSTEM --add-opens=java.base/java.util=ALL-UNNAMED --add-opens=java.base/java.lang=ALL-UNNAMED --add-opens=java.base/sun.nio.fs=ALL-UNNAMED -Declipse.application=org.eclipse.jdt.ls.core.id1 -Dosgi.bundles.defaultStartLevel=4 -Declipse.product=org.eclipse.jdt.ls.core.product -Djava.import.generatesMetadataFilesAtProjectRoot=false -DDetectVMInstallationsJob.disabled=true -Dfile.encoding=utf8 -XX:+UseParallelGC -XX:GCTimeRatio=4 -XX:AdaptiveSizePolicyWeight=90 -Dsun.zip.disableMemoryMapping=true -Xmx1G -Xms100m -Xlog:disable -javaagent:c:\Users\XIAOMI\.cursor\extensions\redhat.java-1.42.0-win32-x64\lombok\lombok-1.18.36.jar -XX:+HeapDumpOnOutOfMemoryError -XX:HeapDumpPath=c:\Users\XIAOMI\AppData\Roaming\Cursor\User\workspaceStorage\e49e95411cf67bca0233a59293617970\redhat.java -Daether.dependencyCollector.impl=bf 
java_command: c:\Users\XIAOMI\.cursor\extensions\redhat.java-1.42.0-win32-x64\server\plugins\org.eclipse.equinox.launcher_1.7.0.v20250424-1814.jar -configuration c:\Users\XIAOMI\AppData\Roaming\Cursor\User\globalStorage\redhat.java\1.42.0\config_win -data c:\Users\XIAOMI\AppData\Roaming\Cursor\User\workspaceStorage\e49e95411cf67bca0233a59293617970\redhat.java\jdt_ws --pipe=\\.\pipe\lsp-7081917601a10b4953a4bf82c203c4aa-sock
java_class_path (initial): c:\Users\XIAOMI\.cursor\extensions\redhat.java-1.42.0-win32-x64\server\plugins\org.eclipse.equinox.launcher_1.7.0.v20250424-1814.jar
Launcher Type: SUN_STANDARD

[Global flags]
    uintx AdaptiveSizePolicyWeight                 = 90                                        {product} {command line}
     intx CICompilerCount                          = 4                                         {product} {ergonomic}
    uintx GCTimeRatio                              = 4                                         {product} {command line}
     bool HeapDumpOnOutOfMemoryError               = true                                   {manageable} {command line}
    ccstr HeapDumpPath                             = c:\Users\XIAOMI\AppData\Roaming\Cursor\User\workspaceStorage\e49e95411cf67bca0233a59293617970\redhat.java         {manageable} {command line}
   size_t InitialHeapSize                          = 104857600                                 {product} {command line}
   size_t MaxHeapSize                              = 1073741824                                {product} {command line}
   size_t MaxNewSize                               = 357564416                                 {product} {ergonomic}
   size_t MinHeapDeltaBytes                        = 524288                                    {product} {ergonomic}
   size_t MinHeapSize                              = 104857600                                 {product} {command line}
   size_t NewSize                                  = 34603008                                  {product} {ergonomic}
    uintx NonNMethodCodeHeapSize                   = 5839372                                {pd product} {ergonomic}
    uintx NonProfiledCodeHeapSize                  = 122909434                              {pd product} {ergonomic}
   size_t OldSize                                  = 70254592                                  {product} {ergonomic}
    uintx ProfiledCodeHeapSize                     = 122909434                              {pd product} {ergonomic}
    uintx ReservedCodeCacheSize                    = 251658240                              {pd product} {ergonomic}
     bool SegmentedCodeCache                       = true                                      {product} {ergonomic}
   size_t SoftMaxHeapSize                          = 1073741824                             {manageable} {ergonomic}
     bool UseCompressedOops                        = true                           {product lp64_product} {ergonomic}
     bool UseLargePagesIndividualAllocation        = false                                  {pd product} {ergonomic}
     bool UseParallelGC                            = true                                      {product} {command line}

Logging:
Log output configuration:
 #0: stdout all=off uptime,level,tags foldmultilines=false
 #1: stderr all=off uptime,level,tags foldmultilines=false

Environment Variables:
JAVA_HOME=D:\jdk\jdk-17_windows-x64_bin\jdk-17.0.10
PATH=C:\Program Files\Microsoft MPI\Bin\;D:\VM\bin\;C:\Windows\system32;C:\Windows;C:\Windows\System32\Wbem;C:\Windows\System32\WindowsPowerShell\v1.0\;C:\Windows\System32\OpenSSH\;C:\Program Files\dotnet\;C:\Program Files\Microsoft SQL Server\150\Tools\Binn\;C:\Program Files\Microsoft SQL Server\Client SDK\ODBC\170\Tools\Binn\;C:\Program Files (x86)\Windows Kits\10\Windows Performance Toolkit\;C:\Program Files\Microsoft SQL Server\130\Tools\Binn\;D:\jdk\jdk-17_windows-x64_bin\jdk-17.0.10\bin;D:\nodejs\node_global\node_modules;D:\nodejs\;D:\Maven\apache-maven-3.9.9-bin\apache-maven-3.9.9\bin;D:\Python\Scripts\;D:\Python\;C:\Users\XIAOMI\AppData\Local\Microsoft\WindowsApps;D:\Pycharm\PyCharm Community Edition 2024.2.1\bin;;C:\Users\XIAOMI\.dotnet\tools;D:\Microsoft VS Code\bin;D:\nodejs\node_global;C:\Users\XIAOMI\AppData\Roaming\npm;D:\cursor\resources\app\bin;C:\Users\XIAOMI\AppData\Local\GitHubDesktop\bin
USERNAME=XIAOMI
OS=Windows_NT
PROCESSOR_IDENTIFIER=Intel64 Family 6 Model 140 Stepping 1, GenuineIntel
TMP=C:\Users\XIAOMI\AppData\Local\Temp
TEMP=C:\Users\XIAOMI\AppData\Local\Temp




Periodic native trim disabled

---------------  S Y S T E M  ---------------

OS:
 Windows 10 , 64 bit Build 19041 (10.0.19041.662)
OS uptime: 0 days 6:47 hours

CPU: total 8 (initial active 8) (4 cores per cpu, 2 threads per core) family 6 model 140 stepping 1 microcode 0x86, cx8, cmov, fxsr, ht, mmx, 3dnowpref, sse, sse2, sse3, ssse3, sse4.1, sse4.2, popcnt, lzcnt, tsc, tscinvbit, avx, avx2, aes, erms, clmul, bmi1, bmi2, adx, avx512f, avx512dq, avx512cd, avx512bw, avx512vl, sha, fma, vzeroupper, avx512_vpopcntdq, avx512_vpclmulqdq, avx512_vaes, avx512_vnni, clflush, clflushopt, clwb, avx512_vbmi2, avx512_vbmi, rdtscp, rdpid, fsrm, gfni, avx512_bitalg, f16c, pku, cet_ibt, cet_ss, avx512_ifma
Processor Information for processor 0
  Max Mhz: 3302, Current Mhz: 3302, Mhz Limit: 3302
Processor Information for processor 1
  Max Mhz: 3302, Current Mhz: 1400, Mhz Limit: 3302
Processor Information for processor 2
  Max Mhz: 3302, Current Mhz: 3302, Mhz Limit: 3302
Processor Information for processor 3
  Max Mhz: 3302, Current Mhz: 3302, Mhz Limit: 3302
Processor Information for processor 4
  Max Mhz: 3302, Current Mhz: 1400, Mhz Limit: 3302
Processor Information for processor 5
  Max Mhz: 3302, Current Mhz: 1400, Mhz Limit: 3302
Processor Information for processor 6
  Max Mhz: 3302, Current Mhz: 3302, Mhz Limit: 3302
Processor Information for processor 7
  Max Mhz: 3302, Current Mhz: 3302, Mhz Limit: 3302

Memory: 4k page, system-wide physical 32551M (22065M free)
TotalPageFile size 34599M (AvailPageFile size 19497M)
current process WorkingSet (physical memory assigned to process): 316M, peak: 336M
current process commit charge ("private bytes"): 354M, peak: 377M

vm_info: OpenJDK 64-Bit Server VM (21.0.7+6-LTS) for windows-amd64 JRE (21.0.7+6-LTS), built on 2025-04-15T00:00:00Z by "admin" with MS VC++ 17.7 (VS2022)

END.
